251, 968414, 0, 0, 0
500, 990586, 0, 0, 0
750, 989184, 0, 0, 0
1000, 989696, 0, 0, 0
1250, 988672, 0, 0, 0
1501, 987648, 0, 0, 0
1750, 987502, 0, 0, 0
2000, 988672, 0, 0, 0
2250, 988672, 0, 0, 0
2500, 987136, 0, 0, 0
2750, 988672, 0, 0, 0
3000, 988672, 0, 0, 0
3250, 988672, 0, 0, 0
3500, 989184, 0, 0, 0
3750, 981504, 0, 0, 0
4000, 966144, 0, 0, 0
4250, 988160, 0, 0, 0
4500, 989184, 0, 0, 0
4750, 983552, 0, 0, 0
5000, 962048, 0, 0, 0
5250, 966656, 0, 0, 0
5500, 966144, 0, 0, 0
5750, 966656, 0, 0, 0
6000, 966144, 0, 0, 0
6250, 966656, 0, 0, 0
6500, 966144, 0, 0, 0
6750, 966656, 0, 0, 0
7000, 966144, 0, 0, 0
7250, 966656, 0, 0, 0
7500, 966144, 0, 0, 0
7750, 965120, 0, 0, 0
8000, 966656, 0, 0, 0
8250, 965397, 0, 0, 0
8500, 986624, 0, 0, 0
8750, 985600, 0, 0, 0
9000, 986112, 0, 0, 0
9250, 986112, 0, 0, 0
9500, 987136, 0, 0, 0
9750, 987648, 0, 0, 0
10000, 987648, 0, 0, 0
10250, 987648, 0, 0, 0
10500, 986624, 0, 0, 0
10750, 987648, 0, 0, 0
11000, 981504, 0, 0, 0
11250, 974336, 0, 0, 0
11500, 987648, 0, 0, 0
11750, 988160, 0, 0, 0
12000, 988160, 0, 0, 0
12250, 988160, 0, 0, 0
12500, 988672, 0, 0, 0
12750, 985088, 0, 0, 0
13000, 987648, 0, 0, 0
13250, 987648, 0, 0, 0
13500, 988160, 0, 0, 0
13750, 988160, 0, 0, 0
14000, 987502, 0, 0, 0
14250, 988160, 0, 0, 0
14500, 987648, 0, 0, 0
14750, 988160, 0, 0, 0
15000, 967680, 0, 0, 0
15250, 963584, 0, 0, 0
15500, 971776, 0, 0, 0
15750, 957952, 0, 0, 0
16000, 982016, 0, 0, 0
16250, 988160, 0, 0, 0
16500, 989696, 0, 0, 0
16750, 987136, 0, 0, 0
17000, 988160, 0, 0, 0
17250, 981504, 0, 0, 0
17500, 988672, 0, 0, 0
17750, 985088, 0, 0, 0
18000, 987648, 0, 0, 0
18250, 987136, 0, 0, 0
18500, 988160, 0, 0, 0
18750, 987648, 0, 0, 0
19000, 984576, 0, 0, 0
19250, 979456, 0, 0, 0
19500, 965632, 0, 0, 0
19750, 965632, 0, 0, 0
20000, 962313, 0, 0, 0
20250, 962048, 0, 0, 0
20500, 960000, 0, 0, 0
20750, 962560, 0, 0, 0
21000, 961024, 0, 0, 0
21250, 966144, 0, 0, 0
21500, 966656, 0, 0, 0
21750, 966656, 0, 0, 0
22000, 966656, 0, 0, 0
22250, 967168, 0, 0, 0
22500, 965632, 0, 0, 0
22750, 965632, 0, 0, 0
23000, 966656, 0, 0, 0
23250, 966144, 0, 0, 0
23500, 966144, 0, 0, 0
23750, 966144, 0, 0, 0
24000, 966656, 0, 0, 0
24250, 970752, 0, 0, 0
24500, 987648, 0, 0, 0
24750, 987648, 0, 0, 0
25000, 985088, 0, 0, 0
25250, 985600, 0, 0, 0
25500, 986112, 0, 0, 0
25750, 982016, 0, 0, 0
26000, 958464, 0, 0, 0
26250, 962560, 0, 0, 0
26500, 980992, 0, 0, 0
26750, 988160, 0, 0, 0
27000, 988672, 0, 0, 0
27250, 985088, 0, 0, 0
27500, 988672, 0, 0, 0
27750, 985600, 0, 0, 0
28000, 984931, 0, 0, 0
28250, 968192, 0, 0, 0
28500, 963584, 0, 0, 0
28750, 963072, 0, 0, 0
29000, 961536, 0, 0, 0
29250, 963072, 0, 0, 0
29500, 960000, 0, 0, 0
29750, 959488, 0, 0, 0
30000, 960000, 0, 0, 0
30250, 978944, 0, 0, 0
30500, 986624, 0, 0, 0
30750, 989184, 0, 0, 0
31000, 989184, 0, 0, 0
31250, 987648, 0, 0, 0
31500, 987136, 0, 0, 0
31750, 988160, 0, 0, 0
32000, 965632, 0, 0, 0
32250, 961536, 0, 0, 0
32500, 966656, 0, 0, 0
32750, 966656, 0, 0, 0
33000, 963584, 0, 0, 0
33250, 964608, 0, 0, 0
33500, 964608, 0, 0, 0
33750, 959488, 0, 0, 0
34000, 959488, 0, 0, 0
34250, 960512, 0, 0, 0
34500, 959488, 0, 0, 0
34750, 961024, 0, 0, 0
35000, 964096, 0, 0, 0
35250, 961536, 0, 0, 0
35501, 957952, 0, 0, 0
35750, 963341, 0, 0, 0
36000, 962560, 0, 0, 0
36250, 961024, 0, 0, 0
36500, 963584, 0, 0, 0
36750, 963072, 0, 0, 0
37000, 985088, 0, 0, 0
37250, 987648, 0, 0, 0
37500, 986112, 0, 0, 0
37750, 988160, 0, 0, 0
38000, 987648, 0, 0, 0
38250, 987136, 0, 0, 0
38500, 987648, 0, 0, 0
38750, 987648, 0, 0, 0
39000, 986624, 0, 0, 0
39250, 985088, 0, 0, 0
39500, 987648, 0, 0, 0
39750, 987136, 0, 0, 0
40000, 987136, 0, 0, 0
40250, 987136, 0, 0, 0
40500, 986624, 0, 0, 0
40750, 985600, 0, 0, 0
41000, 987648, 0, 0, 0
41250, 986624, 0, 0, 0
41500, 985088, 0, 0, 0
41750, 986112, 0, 0, 0
42000, 987648, 0, 0, 0
42250, 987648, 0, 0, 0
42500, 987136, 0, 0, 0
42750, 987136, 0, 0, 0
43000, 987648, 0, 0, 0
43250, 987136, 0, 0, 0
43500, 987136, 0, 0, 0
43750, 987136, 0, 0, 0
44000, 986624, 0, 0, 0
44250, 987136, 0, 0, 0
44500, 987136, 0, 0, 0
44750, 986987, 0, 0, 0
45000, 986624, 0, 0, 0
45250, 987136, 0, 0, 0
45500, 986624, 0, 0, 0
45750, 976896, 0, 0, 0
46000, 962048, 0, 0, 0
46250, 962560, 0, 0, 0
46500, 962560, 0, 0, 0
46750, 962048, 0, 0, 0
47000, 962560, 0, 0, 0
47250, 965120, 0, 0, 0
47500, 966144, 0, 0, 0
47750, 966144, 0, 0, 0
48000, 960000, 0, 0, 0
48250, 971264, 0, 0, 0
48500, 987648, 0, 0, 0
48750, 987136, 0, 0, 0
49000, 987648, 0, 0, 0
49250, 987648, 0, 0, 0
49500, 987648, 0, 0, 0
49750, 987136, 0, 0, 0
50000, 987648, 0, 0, 0
50250, 986624, 0, 0, 0
50500, 986624, 0, 0, 0
50750, 987648, 0, 0, 0
51000, 964608, 0, 0, 0
51250, 966656, 0, 0, 0
51500, 975360, 0, 0, 0
51750, 986624, 0, 0, 0
52000, 986112, 0, 0, 0
52250, 988160, 0, 0, 0
52500, 987136, 0, 0, 0
52750, 988016, 0, 0, 0
53000, 987136, 0, 0, 0
53250, 987648, 0, 0, 0
53500, 987648, 0, 0, 0
53750, 987136, 0, 0, 0
54000, 987136, 0, 0, 0
54250, 987648, 0, 0, 0
54500, 987136, 0, 0, 0
54750, 973312, 0, 0, 0
55000, 966656, 0, 0, 0
55250, 984064, 0, 0, 0
55500, 987136, 0, 0, 0
55750, 987648, 0, 0, 0
56000, 983040, 0, 0, 0
56250, 983552, 0, 0, 0
56500, 987648, 0, 0, 0
56750, 988160, 0, 0, 0
57000, 964096, 0, 0, 0
57250, 962560, 0, 0, 0
57500, 965632, 0, 0, 0
57750, 966656, 0, 0, 0
58000, 965632, 0, 0, 0
58250, 962560, 0, 0, 0
58500, 967168, 0, 0, 0
58750, 987136, 0, 0, 0
59000, 987648, 0, 0, 0
59250, 987136, 0, 0, 0
59500, 987136, 0, 0, 0
59750, 985600, 0, 0, 0
60000, 987136, 0, 0, 0
60250, 987648, 0, 0, 0
60500, 987136, 0, 0, 0
60750, 987648, 0, 0, 0
61000, 987136, 0, 0, 0
61250, 985088, 0, 0, 0
61500, 987136, 0, 0, 0
61750, 984931, 0, 0, 0
62000, 988160, 0, 0, 0
62250, 988160, 0, 0, 0
62500, 988160, 0, 0, 0
62750, 988160, 0, 0, 0
63000, 988160, 0, 0, 0
63250, 988160, 0, 0, 0
63500, 979456, 0, 0, 0
63750, 966656, 0, 0, 0
64000, 965120, 0, 0, 0
64250, 962560, 0, 0, 0
64500, 963584, 0, 0, 0
64750, 963584, 0, 0, 0
65000, 964608, 0, 0, 0
65250, 963072, 0, 0, 0
65500, 963072, 0, 0, 0
65750, 972288, 0, 0, 0
66000, 985088, 0, 0, 0
66250, 985600, 0, 0, 0
66500, 984576, 0, 0, 0
66750, 986624, 0, 0, 0
67000, 984064, 0, 0, 0
67250, 987136, 0, 0, 0
67500, 988160, 0, 0, 0
67750, 984576, 0, 0, 0
68000, 979456, 0, 0, 0
68250, 985445, 0, 0, 0
68500, 989184, 0, 0, 0
68750, 987136, 0, 0, 0
69000, 989184, 0, 0, 0
69250, 985600, 0, 0, 0
69500, 989184, 0, 0, 0
69750, 988672, 0, 0, 0
70000, 988160, 0, 0, 0
70250, 986624, 0, 0, 0
70500, 987136, 0, 0, 0
70750, 989184, 0, 0, 0
71000, 980480, 0, 0, 0
71250, 985600, 0, 0, 0
71500, 963584, 0, 0, 0
71750, 972288, 0, 0, 0
72000, 962560, 0, 0, 0
72250, 961024, 0, 0, 0
72500, 962048, 0, 0, 0
72750, 958976, 0, 0, 0
73000, 962560, 0, 0, 0
73250, 962048, 0, 0, 0
73500, 961024, 0, 0, 0
73750, 966656, 0, 0, 0
74001, 963072, 0, 0, 0
74250, 965911, 0, 0, 0
74500, 966656, 0, 0, 0
74750, 965632, 0, 0, 0
75000, 960000, 0, 0, 0
75250, 963584, 0, 0, 0
75500, 966656, 0, 0, 0
75750, 966144, 0, 0, 0
76000, 965632, 0, 0, 0
76250, 966144, 0, 0, 0
76500, 982016, 0, 0, 0
76750, 985088, 0, 0, 0
77000, 987648, 0, 0, 0
77250, 986624, 0, 0, 0
77500, 988160, 0, 0, 0
77750, 988160, 0, 0, 0
78000, 988672, 0, 0, 0
78250, 985600, 0, 0, 0
78500, 987648, 0, 0, 0
78750, 988160, 0, 0, 0
79000, 972288, 0, 0, 0
79250, 962560, 0, 0, 0
79500, 963072, 0, 0, 0
79750, 958464, 0, 0, 0
80000, 966144, 0, 0, 0
80250, 966656, 0, 0, 0
80500, 965632, 0, 0, 0
80750, 966656, 0, 0, 0
81000, 966939, 0, 0, 0
81250, 966144, 0, 0, 0
81500, 966656, 0, 0, 0
81750, 966656, 0, 0, 0
82000, 966656, 0, 0, 0
82250, 966656, 0, 0, 0
82500, 967168, 0, 0, 0
82750, 967168, 0, 0, 0
83000, 967168, 0, 0, 0
83250, 967168, 0, 0, 0
83501, 966656, 0, 0, 0
83750, 966425, 0, 0, 0
84000, 967168, 0, 0, 0
84250, 967168, 0, 0, 0
84500, 966656, 0, 0, 0
84750, 967168, 0, 0, 0
85000, 967168, 0, 0, 0
85250, 966939, 0, 0, 0
85500, 966656, 0, 0, 0
85750, 966656, 0, 0, 0
86000, 967168, 0, 0, 0
86250, 983040, 0, 0, 0
86500, 987136, 0, 0, 0
86750, 976384, 0, 0, 0
87000, 963341, 0, 0, 0
87250, 967168, 0, 0, 0
87500, 972800, 0, 0, 0
87750, 987136, 0, 0, 0
88000, 988672, 0, 0, 0
88250, 988160, 0, 0, 0
88500, 988160, 0, 0, 0
88750, 988530, 0, 0, 0
89000, 988160, 0, 0, 0
89250, 988160, 0, 0, 0
89500, 988160, 0, 0, 0
89750, 988672, 0, 0, 0
90000, 981504, 0, 0, 0
90251, 964608, 0, 0, 0
90500, 961285, 0, 0, 0
90750, 963584, 0, 0, 0
91000, 962048, 0, 0, 0
91250, 962560, 0, 0, 0
91500, 964096, 0, 0, 0
91750, 970752, 0, 0, 0
92000, 984064, 0, 0, 0
92250, 985445, 0, 0, 0
92500, 986624, 0, 0, 0
92750, 987648, 0, 0, 0
93000, 986112, 0, 0, 0
93250, 985600, 0, 0, 0
93500, 986112, 0, 0, 0
93750, 987136, 0, 0, 0
94000, 987136, 0, 0, 0
94250, 988672, 0, 0, 0
94500, 988672, 0, 0, 0
94750, 987136, 0, 0, 0
95000, 984064, 0, 0, 0
95250, 985445, 0, 0, 0
95500, 986112, 0, 0, 0
95750, 987648, 0, 0, 0
96000, 987648, 0, 0, 0
96250, 987136, 0, 0, 0
96500, 987648, 0, 0, 0
96750, 965632, 0, 0, 0
97000, 963584, 0, 0, 0
97250, 984576, 0, 0, 0
97500, 988160, 0, 0, 0
97750, 986112, 0, 0, 0
98000, 988672, 0, 0, 0
98250, 987648, 0, 0, 0
98500, 985600, 0, 0, 0
98750, 987502, 0, 0, 0
99000, 987648, 0, 0, 0
99250, 986624, 0, 0, 0
99500, 987136, 0, 0, 0
99750, 987136, 0, 0, 0
100000, 987136, 0, 0, 0
100250, 986624, 0, 0, 0
100500, 986624, 0, 0, 0
100750, 987136, 0, 0, 0
101000, 986624, 0, 0, 0
101250, 986624, 0, 0, 0
101500, 987136, 0, 0, 0
101750, 987136, 0, 0, 0
102000, 987648, 0, 0, 0
102250, 985600, 0, 0, 0
102500, 987136, 0, 0, 0
102750, 987136, 0, 0, 0
103000, 984064, 0, 0, 0
103250, 974336, 0, 0, 0
103500, 966144, 0, 0, 0
103750, 965120, 0, 0, 0
104000, 965632, 0, 0, 0
104250, 962560, 0, 0, 0
104500, 962560, 0, 0, 0
104750, 963072, 0, 0, 0
105000, 964096, 0, 0, 0
105250, 962560, 0, 0, 0
105500, 963072, 0, 0, 0
105750, 963072, 0, 0, 0
106000, 960000, 0, 0, 0
106250, 964096, 0, 0, 0
106500, 963584, 0, 0, 0
106750, 973824, 0, 0, 0
107000, 988160, 0, 0, 0
107250, 970240, 0, 0, 0
107500, 958976, 0, 0, 0
107750, 963341, 0, 0, 0
108000, 962560, 0, 0, 0
108250, 979456, 0, 0, 0
108500, 987136, 0, 0, 0
108750, 987648, 0, 0, 0
109000, 987136, 0, 0, 0
109250, 987136, 0, 0, 0
109500, 987648, 0, 0, 0
109750, 986624, 0, 0, 0
110000, 978432, 0, 0, 0
110250, 983040, 0, 0, 0
110500, 987648, 0, 0, 0
110750, 986624, 0, 0, 0
111000, 985088, 0, 0, 0
111250, 981504, 0, 0, 0
111500, 986112, 0, 0, 0
111750, 987136, 0, 0, 0
112000, 987648, 0, 0, 0
112250, 987136, 0, 0, 0
112500, 961536, 0, 0, 0
112750, 963072, 0, 0, 0
113000, 963072, 0, 0, 0
113250, 964096, 0, 0, 0
113500, 988160, 0, 0, 0
113750, 988160, 0, 0, 0
114000, 988672, 0, 0, 0
114250, 983040, 0, 0, 0
114500, 987648, 0, 0, 0
114750, 987136, 0, 0, 0
115000, 987648, 0, 0, 0
115250, 986624, 0, 0, 0
115500, 987502, 0, 0, 0
115750, 987136, 0, 0, 0
116000, 979456, 0, 0, 0
116250, 966144, 0, 0, 0
116500, 984576, 0, 0, 0
116750, 987648, 0, 0, 0
117000, 987648, 0, 0, 0
117250, 988160, 0, 0, 0
117500, 985600, 0, 0, 0
117750, 990208, 0, 0, 0
118000, 989184, 0, 0, 0
118250, 989184, 0, 0, 0
118500, 989696, 0, 0, 0
118750, 970240, 0, 0, 0
119000, 965632, 0, 0, 0
119250, 966144, 0, 0, 0
119501, 975872, 0, 0, 0
119750, 986987, 0, 0, 0
120000, 987136, 0, 0, 0
120250, 988160, 0, 0, 0
120500, 988160, 0, 0, 0
120750, 987648, 0, 0, 0
121000, 984576, 0, 0, 0
121250, 970240, 0, 0, 0
121500, 986624, 0, 0, 0
121750, 989184, 0, 0, 0
122000, 984576, 0, 0, 0
122250, 986112, 0, 0, 0
122500, 985600, 0, 0, 0
122750, 984576, 0, 0, 0
123000, 982528, 0, 0, 0
123250, 979968, 0, 0, 0
123500, 987648, 0, 0, 0
123750, 987502, 0, 0, 0
124000, 987648, 0, 0, 0
124250, 987136, 0, 0, 0
124500, 987648, 0, 0, 0
124750, 987648, 0, 0, 0
125000, 987648, 0, 0, 0
125250, 974848, 0, 0, 0
125500, 966656, 0, 0, 0
125750, 966656, 0, 0, 0
126000, 966656, 0, 0, 0
126250, 966656, 0, 0, 0
126500, 966656, 0, 0, 0
126750, 964096, 0, 0, 0
127000, 962560, 0, 0, 0
127250, 976896, 0, 0, 0
127500, 971776, 0, 0, 0
127750, 965632, 0, 0, 0
128000, 979968, 0, 0, 0
128250, 987136, 0, 0, 0
128500, 987648, 0, 0, 0
128751, 987648, 0, 0, 0
129000, 985445, 0, 0, 0
129250, 987648, 0, 0, 0
129500, 987648, 0, 0, 0
129750, 968704, 0, 0, 0
130000, 974336, 0, 0, 0
130250, 960512, 0, 0, 0
130500, 965632, 0, 0, 0
130750, 966656, 0, 0, 0
131000, 966656, 0, 0, 0
131250, 963584, 0, 0, 0
131500, 962560, 0, 0, 0
131750, 959488, 0, 0, 0
132000, 966144, 0, 0, 0
132250, 966656, 0, 0, 0
132500, 967168, 0, 0, 0
132750, 965120, 0, 0, 0
133000, 985600, 0, 0, 0
133250, 987648, 0, 0, 0
133500, 988530, 0, 0, 0
133750, 987648, 0, 0, 0
134000, 984576, 0, 0, 0
134250, 987648, 0, 0, 0
134500, 988160, 0, 0, 0
134750, 984576, 0, 0, 0
135000, 988160, 0, 0, 0
135250, 986112, 0, 0, 0
135500, 987648, 0, 0, 0
135750, 987648, 0, 0, 0
136000, 987648, 0, 0, 0
136250, 969216, 0, 0, 0
136500, 960512, 0, 0, 0
136750, 966144, 0, 0, 0
137000, 966144, 0, 0, 0
137250, 966656, 0, 0, 0
137500, 966656, 0, 0, 0
137750, 964608, 0, 0, 0
138000, 984064, 0, 0, 0
138250, 988672, 0, 0, 0
138500, 987648, 0, 0, 0
138750, 989184, 0, 0, 0
139000, 988160, 0, 0, 0
139250, 988672, 0, 0, 0
139500, 989184, 0, 0, 0
139750, 989184, 0, 0, 0
140000, 990208, 0, 0, 0
140250, 989558, 0, 0, 0
140500, 987648, 0, 0, 0
140750, 984576, 0, 0, 0
141000, 980992, 0, 0, 0
141250, 966656, 0, 0, 0
141500, 966656, 0, 0, 0
141750, 966656, 0, 0, 0
142000, 966656, 0, 0, 0
142250, 965632, 0, 0, 0
142500, 967168, 0, 0, 0
142750, 966656, 0, 0, 0
143000, 969728, 0, 0, 0
143250, 989184, 0, 0, 0
143500, 988160, 0, 0, 0
143750, 988160, 0, 0, 0
144000, 986112, 0, 0, 0
144250, 989184, 0, 0, 0
144500, 984064, 0, 0, 0
144750, 989558, 0, 0, 0
145000, 987648, 0, 0, 0
145250, 983040, 0, 0, 0
145500, 989696, 0, 0, 0
145750, 989184, 0, 0, 0
146000, 989184, 0, 0, 0
146250, 990720, 0, 0, 0
146500, 990208, 0, 0, 0
146750, 990208, 0, 0, 0
147000, 988672, 0, 0, 0
147250, 981504, 0, 0, 0
147500, 967168, 0, 0, 0
147750, 966656, 0, 0, 0
148000, 966656, 0, 0, 0
148250, 965632, 0, 0, 0
148500, 967168, 0, 0, 0
148750, 966656, 0, 0, 0
149000, 967168, 0, 0, 0
149250, 966425, 0, 0, 0
149500, 966656, 0, 0, 0
149750, 966656, 0, 0, 0
150000, 966656, 0, 0, 0
150250, 966656, 0, 0, 0
150500, 966656, 0, 0, 0
150750, 978944, 0, 0, 0
151000, 979968, 0, 0, 0
151250, 961024, 0, 0, 0
151500, 966656, 0, 0, 0
151750, 966144, 0, 0, 0
152000, 966144, 0, 0, 0
152250, 965632, 0, 0, 0
152500, 965120, 0, 0, 0
152750, 967168, 0, 0, 0
153000, 966144, 0, 0, 0
153250, 963584, 0, 0, 0
153500, 962827, 0, 0, 0
153750, 976384, 0, 0, 0
154000, 988160, 0, 0, 0
154250, 984576, 0, 0, 0
154500, 961536, 0, 0, 0
154750, 967168, 0, 0, 0
155000, 966656, 0, 0, 0
155250, 960000, 0, 0, 0
155500, 966656, 0, 0, 0
155750, 962560, 0, 0, 0
156000, 965632, 0, 0, 0
156250, 966656, 0, 0, 0
156500, 964608, 0, 0, 0
156750, 962560, 0, 0, 0
157000, 964096, 0, 0, 0
157250, 963072, 0, 0, 0
157500, 962827, 0, 0, 0
157750, 963584, 0, 0, 0
158000, 960000, 0, 0, 0
158250, 958976, 0, 0, 0
158500, 966656, 0, 0, 0
158750, 962048, 0, 0, 0
159000, 960512, 0, 0, 0
159250, 960000, 0, 0, 0
159500, 966656, 0, 0, 0
159750, 966656, 0, 0, 0
160000, 964608, 0, 0, 0
160250, 966656, 0, 0, 0
160500, 966656, 0, 0, 0
160750, 961024, 0, 0, 0
161000, 962560, 0, 0, 0
161250, 973312, 0, 0, 0
161500, 987648, 0, 0, 0
161750, 987136, 0, 0, 0
162000, 987648, 0, 0, 0
162250, 987648, 0, 0, 0
162500, 987136, 0, 0, 0
162750, 985600, 0, 0, 0
163000, 987136, 0, 0, 0
163250, 987648, 0, 0, 0
163500, 987136, 0, 0, 0
163750, 987136, 0, 0, 0
164000, 987136, 0, 0, 0
164250, 987648, 0, 0, 0
164500, 987648, 0, 0, 0
164750, 987648, 0, 0, 0
165000, 972288, 0, 0, 0
165251, 987136, 0, 0, 0
165500, 987502, 0, 0, 0
165750, 987136, 0, 0, 0
166000, 987648, 0, 0, 0
166250, 985088, 0, 0, 0
166500, 987648, 0, 0, 0
166750, 987648, 0, 0, 0
167000, 987648, 0, 0, 0
167250, 987648, 0, 0, 0
167500, 988160, 0, 0, 0
167750, 988160, 0, 0, 0
168000, 987648, 0, 0, 0
168250, 987648, 0, 0, 0
168500, 987648, 0, 0, 0
168750, 987136, 0, 0, 0
169000, 987136, 0, 0, 0
169250, 978944, 0, 0, 0
169500, 967168, 0, 0, 0
169750, 967168, 0, 0, 0
170000, 967168, 0, 0, 0
170250, 965632, 0, 0, 0
170500, 967168, 0, 0, 0
170750, 963072, 0, 0, 0
171000, 963072, 0, 0, 0
171250, 966144, 0, 0, 0
171500, 963072, 0, 0, 0
171750, 965120, 0, 0, 0
172000, 960512, 0, 0, 0
172250, 966144, 0, 0, 0
172500, 962560, 0, 0, 0
172750, 959488, 0, 0, 0
173000, 961536, 0, 0, 0
173250, 966656, 0, 0, 0
173500, 966656, 0, 0, 0
173750, 963584, 0, 0, 0
174000, 963072, 0, 0, 0
174250, 966144, 0, 0, 0
174500, 966425, 0, 0, 0
174750, 966656, 0, 0, 0
175000, 966656, 0, 0, 0
175250, 966144, 0, 0, 0
175500, 966656, 0, 0, 0
175750, 966656, 0, 0, 0
176000, 966144, 0, 0, 0
176250, 966144, 0, 0, 0
176500, 966656, 0, 0, 0
176750, 966656, 0, 0, 0
177000, 973824, 0, 0, 0
177250, 985088, 0, 0, 0
177500, 987136, 0, 0, 0
177750, 987136, 0, 0, 0
178000, 987648, 0, 0, 0
178250, 987648, 0, 0, 0
178500, 987648, 0, 0, 0
178750, 988160, 0, 0, 0
179000, 967680, 0, 0, 0
179250, 966144, 0, 0, 0
179500, 963584, 0, 0, 0
179750, 964096, 0, 0, 0
