1000, 1012224, 0, 0, 0
2001, 1029888, 0, 0, 0
3000, 1035531, 0, 0, 0
4000, 1036684, 0, 0, 0
5001, 1037312, 0, 0, 0
6000, 1036940, 0, 0, 0
7000, 1036172, 0, 0, 0
8000, 1035019, 0, 0, 0
9000, 1034880, 0, 0, 0
10000, 1035787, 0, 0, 0
11000, 1035659, 0, 0, 0
12000, 1035904, 0, 0, 0
13000, 1034250, 0, 0, 0
14000, 1035147, 0, 0, 0
15000, 752128, 0, 0, 0
16000, 676772, 0, 0, 0
17000, 676772, 0, 0, 0
18000, 923008, 0, 0, 0
19000, 1034890, 0, 0, 0
20000, 1035019, 0, 0, 0
21000, 1035392, 0, 0, 0
22000, 1035019, 0, 0, 0
23000, 1035787, 0, 0, 0
24000, 1035136, 0, 0, 0
25000, 1036044, 0, 0, 0
26000, 1036556, 0, 0, 0
27000, 1032704, 0, 0, 0
28000, 1036940, 0, 0, 0
29000, 1036684, 0, 0, 0
30000, 846464, 0, 0, 0
31000, 678182, 0, 0, 0
32000, 678566, 0, 0, 0
33000, 828800, 0, 0, 0
34000, 1022078, 0, 0, 0
35000, 1034762, 0, 0, 0
36000, 1035520, 0, 0, 0
37000, 1038478, 0, 0, 0
38000, 1017209, 0, 0, 0
39000, 1009536, 0, 0, 0
40000, 1017337, 0, 0, 0
41000, 1028996, 0, 0, 0
42000, 1033344, 0, 0, 0
43000, 1034762, 0, 0, 0
44000, 1035019, 0, 0, 0
45001, 992000, 0, 0, 0
46000, 803107, 0, 0, 0
47000, 803107, 0, 0, 0
48001, 937728, 0, 0, 0
49000, 1035915, 0, 0, 0
50000, 1036428, 0, 0, 0
51000, 1036428, 0, 0, 0
52000, 1035264, 0, 0, 0
53000, 1036044, 0, 0, 0
54000, 1036684, 0, 0, 0
55000, 1035904, 0, 0, 0
56000, 1036044, 0, 0, 0
57000, 1036172, 0, 0, 0
58000, 1028352, 0, 0, 0
59000, 1036300, 0, 0, 0
60000, 936104, 0, 0, 0
61000, 806272, 0, 0, 0
62000, 799647, 0, 0, 0
63001, 965888, 0, 0, 0
64000, 1011059, 0, 0, 0
65000, 1021565, 0, 0, 0
66000, 1036416, 0, 0, 0
67000, 1037581, 0, 0, 0
68000, 1034506, 0, 0, 0
69000, 1035136, 0, 0, 0
70000, 1017209, 0, 0, 0
71000, 1027459, 0, 0, 0
72000, 1034880, 0, 0, 0
73000, 1022590, 0, 0, 0
74000, 1010674, 0, 0, 0
75000, 1033856, 0, 0, 0
76000, 1035019, 0, 0, 0
77000, 858842, 0, 0, 0
78000, 676480, 0, 0, 0
79000, 676644, 0, 0, 0
80000, 804900, 0, 0, 0
81000, 1007104, 0, 0, 0
82000, 1009265, 0, 0, 0
83001, 1006592, 0, 0, 0
84000, 1026946, 0, 0, 0
85000, 1034378, 0, 0, 0
86001, 1034624, 0, 0, 0
87000, 1034890, 0, 0, 0
88000, 1035147, 0, 0, 0
89000, 1035659, 0, 0, 0
90000, 1035392, 0, 0, 0
91000, 1006958, 0, 0, 0
92000, 983936, 0, 0, 0
93000, 670110, 0, 0, 0
94000, 670110, 0, 0, 0
95000, 676992, 0, 0, 0
96000, 1018234, 0, 0, 0
97000, 1037197, 0, 0, 0
98000, 1037312, 0, 0, 0
99000, 1035915, 0, 0, 0
100000, 1035915, 0, 0, 0
101000, 1019776, 0, 0, 0
102000, 1035019, 0, 0, 0
103000, 1036044, 0, 0, 0
104000, 1036416, 0, 0, 0
105000, 1036940, 0, 0, 0
106000, 1028100, 0, 0, 0
107001, 1036032, 0, 0, 0
108000, 854230, 0, 0, 0
109000, 803363, 0, 0, 0
110001, 830336, 0, 0, 0
111000, 1025025, 0, 0, 0
112000, 1030790, 0, 0, 0
113001, 1020928, 0, 0, 0
114000, 1035787, 0, 0, 0
115000, 1035403, 0, 0, 0
116001, 1035520, 0, 0, 0
117000, 1035531, 0, 0, 0
118000, 1035403, 0, 0, 0
119000, 1036044, 0, 0, 0
120000, 1036416, 0, 0, 0
121000, 1035787, 0, 0, 0
122000, 1021821, 0, 0, 0
123000, 813184, 0, 0, 0
124000, 806182, 0, 0, 0
125000, 883059, 0, 0, 0
126000, 1026816, 0, 0, 0
127000, 1027971, 0, 0, 0
128000, 1035019, 0, 0, 0
129000, 1034240, 0, 0, 0
130000, 1034250, 0, 0, 0
131000, 1028356, 0, 0, 0
132001, 1013888, 0, 0, 0
133000, 1034634, 0, 0, 0
134000, 1027843, 0, 0, 0
135001, 1009920, 0, 0, 0
136000, 1012596, 0, 0, 0
137000, 1034122, 0, 0, 0
138000, 1034378, 0, 0, 0
139000, 1016064, 0, 0, 0
140000, 676644, 0, 0, 0
141001, 675840, 0, 0, 0
142000, 667803, 0, 0, 0
143000, 989661, 0, 0, 0
144000, 1020928, 0, 0, 0
145000, 1034890, 0, 0, 0
146000, 1035275, 0, 0, 0
147000, 1034496, 0, 0, 0
148000, 1036684, 0, 0, 0
149000, 1036300, 0, 0, 0
150000, 1036160, 0, 0, 0
151000, 1036556, 0, 0, 0
152001, 1015552, 0, 0, 0
153000, 1008880, 0, 0, 0
154000, 1010674, 0, 0, 0
155001, 782336, 0, 0, 0
156000, 670238, 0, 0, 0
157000, 674338, 0, 0, 0
158000, 874752, 0, 0, 0
159000, 1037837, 0, 0, 0
160000, 1034378, 0, 0, 0
161000, 1035392, 0, 0, 0
162000, 1022590, 0, 0, 0
163000, 1013237, 0, 0, 0
164000, 1036288, 0, 0, 0
165000, 1034122, 0, 0, 0
166000, 1036812, 0, 0, 0
167000, 1027584, 0, 0, 0
168000, 1035531, 0, 0, 0
169000, 1036428, 0, 0, 0
170001, 955008, 0, 0, 0
171000, 802594, 0, 0, 0
172000, 802850, 0, 0, 0
173000, 974592, 0, 0, 0
174000, 1035787, 0, 0, 0
175000, 1035403, 0, 0, 0
176000, 1035776, 0, 0, 0
177000, 1035147, 0, 0, 0
178000, 1036288, 0, 0, 0
179000, 1035648, 0, 0, 0
