250, 3431424, 0, 0, 0
500, 3080192, 0, 0, 0
750, 1277952, 0, 0, 0
1000, 2421760, 0, 0, 0
1250, 3425670, 0, 0, 0
1500, 1972224, 0, 0, 0
1750, 1513472, 0, 0, 0
2000, 3433472, 0, 0, 0
2250, 2875392, 0, 0, 0
2500, 1281536, 0, 0, 0
2750, 2631680, 0, 0, 0
3000, 3431325, 0, 0, 0
3250, 1752576, 0, 0, 0
3500, 1720320, 0, 0, 0
3750, 3431936, 0, 0, 0
4000, 2661376, 0, 0, 0
4250, 1310720, 0, 0, 0
4500, 2912256, 0, 0, 0
4750, 3410944, 0, 0, 0
5000, 1443469, 0, 0, 0
5250, 1793024, 0, 0, 0
5500, 3386368, 0, 0, 0
5750, 1303552, 0, 0, 0
6000, 2213376, 0, 0, 0
6250, 3426304, 0, 0, 0
6500, 2174464, 0, 0, 0
6750, 1285632, 0, 0, 0
7000, 3357184, 0, 0, 0
7250, 3155968, 0, 0, 0
7501, 1289216, 0, 0, 0
7750, 2383678, 0, 0, 0
8000, 3426304, 0, 0, 0
8250, 2003456, 0, 0, 0
8500, 1451008, 0, 0, 0
8750, 3432960, 0, 0, 0
9000, 2924544, 0, 0, 0
9250, 1290240, 0, 0, 0
9500, 2596864, 0, 0, 0
9750, 3112960, 0, 0, 0
10000, 2085376, 0, 0, 0
10250, 1608995, 0, 0, 0
10500, 3433472, 0, 0, 0
10750, 2100224, 0, 0, 0
11000, 1816576, 0, 0, 0
11250, 3018752, 0, 0, 0
11500, 2362368, 0, 0, 0
11750, 1287168, 0, 0, 0
12000, 3166208, 0, 0, 0
12250, 3354730, 0, 0, 0
12500, 1302016, 0, 0, 0
12750, 2201088, 0, 0, 0
13000, 3426304, 0, 0, 0
13250, 2158592, 0, 0, 0
13500, 1275904, 0, 0, 0
13750, 3334656, 0, 0, 0
14000, 3177984, 0, 0, 0
14250, 1310720, 0, 0, 0
14500, 2401156, 0, 0, 0
14750, 3405312, 0, 0, 0
15000, 1984512, 0, 0, 0
15250, 1346560, 0, 0, 0
15500, 3431936, 0, 0, 0
15750, 2812416, 0, 0, 0
16000, 1347584, 0, 0, 0
16250, 2780672, 0, 0, 0
16501, 3058688, 0, 0, 0
16750, 1953927, 0, 0, 0
17000, 1844224, 0, 0, 0
17250, 3430400, 0, 0, 0
17500, 1582080, 0, 0, 0
17750, 2286592, 0, 0, 0
18000, 3064832, 0, 0, 0
18250, 2334720, 0, 0, 0
18500, 1280000, 0, 0, 0
18750, 3205120, 0, 0, 0
19001, 3314176, 0, 0, 0
19250, 1303132, 0, 0, 0
19500, 2232832, 0, 0, 0
19750, 3404288, 0, 0, 0
20000, 2159616, 0, 0, 0
20250, 1287168, 0, 0, 0
20500, 3401728, 0, 0, 0
20750, 3086393, 0, 0, 0
21000, 1323008, 0, 0, 0
21250, 2418688, 0, 0, 0
21500, 3062784, 0, 0, 0
21750, 2166784, 0, 0, 0
22000, 1722368, 0, 0, 0
22251, 3430912, 0, 0, 0
22500, 2447421, 0, 0, 0
22750, 1546240, 0, 0, 0
23000, 2901504, 0, 0, 0
23250, 2496000, 0, 0, 0
23500, 2210816, 0, 0, 0
23750, 2226176, 0, 0, 0
24001, 3387392, 0, 0, 0
24250, 1293879, 0, 0, 0
24500, 2129408, 0, 0, 0
24750, 3425792, 0, 0, 0
25000, 2244096, 0, 0, 0
25250, 1282048, 0, 0, 0
25500, 3296256, 0, 0, 0
25750, 3210795, 0, 0, 0
26000, 1311744, 0, 0, 0
26250, 2352128, 0, 0, 0
26500, 3341312, 0, 0, 0
26750, 2096128, 0, 0, 0
27000, 1283072, 0, 0, 0
27250, 3433984, 0, 0, 0
27500, 2746602, 0, 0, 0
27750, 1463296, 0, 0, 0
28000, 2762752, 0, 0, 0
28250, 2852352, 0, 0, 0
28500, 2195456, 0, 0, 0
28750, 1810432, 0, 0, 0
29000, 3430811, 0, 0, 0
29250, 1473024, 0, 0, 0
29500, 2417664, 0, 0, 0
29750, 2991104, 0, 0, 0
30000, 2415616, 0, 0, 0
30250, 1289216, 0, 0, 0
30500, 3143680, 0, 0, 0
30750, 3367936, 0, 0, 0
31000, 1298432, 0, 0, 0
31250, 2173952, 0, 0, 0
31500, 3404800, 0, 0, 0
31750, 2208768, 0, 0, 0
32000, 1289253, 0, 0, 0
32250, 3316736, 0, 0, 0
32500, 3164160, 0, 0, 0
32750, 1325056, 0, 0, 0
33000, 2371584, 0, 0, 0
33250, 3089408, 0, 0, 0
33500, 2184192, 0, 0, 0
33751, 1607680, 0, 0, 0
34000, 3431839, 0, 0, 0
34250, 1680384, 0, 0, 0
34500, 2425856, 0, 0, 0
34750, 2843648, 0, 0, 0
35000, 2547712, 0, 0, 0
35250, 1593344, 0, 0, 0
35500, 2676176, 0, 0, 0
35750, 3430400, 0, 0, 0
36000, 1411072, 0, 0, 0
36250, 2142208, 0, 0, 0
36500, 3369984, 0, 0, 0
36750, 2300928, 0, 0, 0
37000, 1266688, 0, 0, 0
37250, 3181568, 0, 0, 0
37500, 3339309, 0, 0, 0
37750, 1311744, 0, 0, 0
38000, 2251776, 0, 0, 0
38250, 3405312, 0, 0, 0
38500, 2129408, 0, 0, 0
38750, 1267712, 0, 0, 0
39000, 3347456, 0, 0, 0
39250, 3064320, 0, 0, 0
39500, 1411084, 0, 0, 0
39750, 2435072, 0, 0, 0
40000, 3034112, 0, 0, 0
40250, 2154496, 0, 0, 0
40500, 1640960, 0, 0, 0
40750, 3429888, 0, 0, 0
41000, 1653760, 0, 0, 0
41250, 2436112, 0, 0, 0
41500, 2877440, 0, 0, 0
41750, 2509824, 0, 0, 0
42000, 1309696, 0, 0, 0
42250, 3017216, 0, 0, 0
42500, 3432448, 0, 0, 0
42751, 1353216, 0, 0, 0
43000, 2069590, 0, 0, 0
43250, 3425792, 0, 0, 0
43500, 2314240, 0, 0, 0
43750, 1277952, 0, 0, 0
44000, 3226624, 0, 0, 0
44251, 3088896, 0, 0, 0
44500, 1470714, 0, 0, 0
44750, 2283520, 0, 0, 0
45000, 3069952, 0, 0, 0
45250, 2453504, 0, 0, 0
45500, 1339904, 0, 0, 0
45750, 3430912, 0, 0, 0
46001, 2664960, 0, 0, 0
46250, 1518008, 0, 0, 0
46500, 2751488, 0, 0, 0
46750, 2668032, 0, 0, 0
47000, 1338368, 0, 0, 0
47250, 2917376, 0, 0, 0
47501, 3431936, 0, 0, 0
47750, 1442441, 0, 0, 0
48000, 2003968, 0, 0, 0
48250, 3426304, 0, 0, 0
48500, 2376704, 0, 0, 0
48750, 1266176, 0, 0, 0
49001, 3095552, 0, 0, 0
49250, 3161445, 0, 0, 0
49500, 1563136, 0, 0, 0
49750, 2176000, 0, 0, 0
50000, 3080704, 0, 0, 0
50250, 2450944, 0, 0, 0
50501, 1275904, 0, 0, 0
50750, 3377863, 0, 0, 0
51000, 2917888, 0, 0, 0
51250, 1469440, 0, 0, 0
51500, 2540544, 0, 0, 0
51750, 2846720, 0, 0, 0
52000, 1315983, 0, 0, 0
52250, 2712576, 0, 0, 0
52500, 3431936, 0, 0, 0
52750, 1654272, 0, 0, 0
53000, 1761280, 0, 0, 0
53251, 3433472, 0, 0, 0
53500, 2603180, 0, 0, 0
53750, 1289216, 0, 0, 0
54000, 2890240, 0, 0, 0
54250, 3170816, 0, 0, 0
54500, 1752064, 0, 0, 0
54750, 1979392, 0, 0, 0
55001, 3234816, 0, 0, 0
55250, 2591871, 0, 0, 0
55500, 1285120, 0, 0, 0
55750, 3095040, 0, 0, 0
56000, 3058176, 0, 0, 0
56250, 1665024, 0, 0, 0
56500, 2178048, 0, 0, 0
56750, 3057606, 0, 0, 0
57000, 2399232, 0, 0, 0
57250, 1409536, 0, 0, 0
57500, 3425280, 0, 0, 0
57750, 1873408, 0, 0, 0
58000, 1917952, 0, 0, 0
58250, 3198976, 0, 0, 0
58500, 2737349, 0, 0, 0
58750, 1276416, 0, 0, 0
59000, 2764800, 0, 0, 0
59250, 3291136, 0, 0, 0
59500, 1763328, 0, 0, 0
59751, 1824768, 0, 0, 0
60000, 3384546, 0, 0, 0
60250, 2593280, 0, 0, 0
60500, 1274368, 0, 0, 0
60750, 2945536, 0, 0, 0
61000, 3096064, 0, 0, 0
61250, 1753088, 0, 0, 0
61500, 2002763, 0, 0, 0
61750, 3217408, 0, 0, 0
62000, 2599936, 0, 0, 0
62250, 1303552, 0, 0, 0
62500, 3170304, 0, 0, 0
62750, 2674688, 0, 0, 0
63000, 1707694, 0, 0, 0
63250, 2616320, 0, 0, 0
63500, 2902016, 0, 0, 0
63750, 1425408, 0, 0, 0
64000, 2621440, 0, 0, 0
64250, 3432448, 0, 0, 0
64500, 1659373, 0, 0, 0
64750, 1760256, 0, 0, 0
65000, 3422208, 0, 0, 0
65250, 2631168, 0, 0, 0
65500, 1296896, 0, 0, 0
65751, 2903040, 0, 0, 0
66000, 3160417, 0, 0, 0
66250, 1737728, 0, 0, 0
66500, 1970176, 0, 0, 0
66750, 3248128, 0, 0, 0
67000, 2597888, 0, 0, 0
67250, 1303132, 0, 0, 0
67500, 3127808, 0, 0, 0
67750, 2981888, 0, 0, 0
68000, 1705984, 0, 0, 0
68250, 2216960, 0, 0, 0
68500, 3005440, 0, 0, 0
68750, 2329702, 0, 0, 0
69000, 1589248, 0, 0, 0
69250, 3426304, 0, 0, 0
69500, 1790976, 0, 0, 0
69750, 2024448, 0, 0, 0
70000, 3156992, 0, 0, 0
70250, 2665984, 0, 0, 0
70500, 1300480, 0, 0, 0
70750, 2891052, 0, 0, 0
71000, 3432448, 0, 0, 0
71250, 1488384, 0, 0, 0
71500, 1962496, 0, 0, 0
71750, 3256320, 0, 0, 0
72000, 2600960, 0, 0, 0
72250, 1293312, 0, 0, 0
72500, 3117751, 0, 0, 0
72750, 3027968, 0, 0, 0
73000, 1680384, 0, 0, 0
73250, 2205184, 0, 0, 0
73500, 3011584, 0, 0, 0
73750, 2303488, 0, 0, 0
74000, 1616192, 0, 0, 0
74250, 3427328, 0, 0, 0
74500, 1805312, 0, 0, 0
74750, 2030592, 0, 0, 0
75000, 3155968, 0, 0, 0
75250, 2657670, 0, 0, 0
75500, 1282560, 0, 0, 0
75750, 2836480, 0, 0, 0
76000, 3432448, 0, 0, 0
76250, 1550848, 0, 0, 0
76500, 1914880, 0, 0, 0
76751, 3392512, 0, 0, 0
77000, 2498313, 0, 0, 0
77250, 1270784, 0, 0, 0
77500, 3035136, 0, 0, 0
77750, 3108864, 0, 0, 0
78000, 1681408, 0, 0, 0
78250, 2111488, 0, 0, 0
78500, 3120321, 0, 0, 0
78750, 2577408, 0, 0, 0
79000, 1284096, 0, 0, 0
79250, 3235840, 0, 0, 0
79500, 2708992, 0, 0, 0
79751, 1827840, 0, 0, 0
80000, 2376995, 0, 0, 0
80250, 2889728, 0, 0, 0
80500, 1379840, 0, 0, 0
80750, 2629120, 0, 0, 0
81000, 3432960, 0, 0, 0
81250, 1691244, 0, 0, 0
81500, 1761280, 0, 0, 0
81750, 3412992, 0, 0, 0
82000, 2632704, 0, 0, 0
82250, 1290240, 0, 0, 0
82500, 2875392, 0, 0, 0
82751, 3369984, 0, 0, 0
83000, 1553991, 0, 0, 0
83250, 1932800, 0, 0, 0
83500, 3279872, 0, 0, 0
83750, 2591744, 0, 0, 0
84000, 1269760, 0, 0, 0
84250, 3063808, 0, 0, 0
84501, 2787840, 0, 0, 0
84750, 1920514, 0, 0, 0
85000, 2186240, 0, 0, 0
85250, 3085312, 0, 0, 0
85500, 1626624, 0, 0, 0
85750, 2194432, 0, 0, 0
86000, 3425280, 0, 0, 0
86250, 1937991, 0, 0, 0
86500, 1693696, 0, 0, 0
86750, 3256320, 0, 0, 0
87000, 2802688, 0, 0, 0
87250, 1283072, 0, 0, 0
87500, 2693120, 0, 0, 0
87750, 3432867, 0, 0, 0
88000, 1682432, 0, 0, 0
88250, 1745920, 0, 0, 0
88500, 3433472, 0, 0, 0
88750, 2619904, 0, 0, 0
89000, 1285120, 0, 0, 0
89250, 2914304, 0, 0, 0
89500, 2800578, 0, 0, 0
89750, 1954816, 0, 0, 0
90000, 2163712, 0, 0, 0
90250, 3225600, 0, 0, 0
90500, 1868800, 0, 0, 0
90750, 1827840, 0, 0, 0
91000, 3417088, 0, 0, 0
91251, 2279936, 0, 0, 0
91500, 1631100, 0, 0, 0
91750, 3032064, 0, 0, 0
92000, 2913280, 0, 0, 0
92250, 1368064, 0, 0, 0
92500, 2532352, 0, 0, 0
92750, 3431424, 0, 0, 0
93000, 1762184, 0, 0, 0
93250, 1686528, 0, 0, 0
93500, 3421696, 0, 0, 0
93750, 2712064, 0, 0, 0
94000, 1290240, 0, 0, 0
94250, 2846720, 0, 0, 0
94500, 3360256, 0, 0, 0
94750, 1589975, 0, 0, 0
95000, 1898496, 0, 0, 0
95250, 3325440, 0, 0, 0
95500, 2087936, 0, 0, 0
95750, 1537024, 0, 0, 0
96000, 3387392, 0, 0, 0
96250, 2384706, 0, 0, 0
96500, 1639424, 0, 0, 0
96750, 2938880, 0, 0, 0
97000, 2998272, 0, 0, 0
97250, 1596416, 0, 0, 0
97500, 2251264, 0, 0, 0
97750, 3427328, 0, 0, 0
98001, 1850368, 0, 0, 0
98250, 1624417, 0, 0, 0
98500, 3413504, 0, 0, 0
98750, 2764800, 0, 0, 0
99000, 1293312, 0, 0, 0
99250, 2784256, 0, 0, 0
99500, 3377152, 0, 0, 0
99750, 1643951, 0, 0, 0
100000, 1844224, 0, 0, 0
100250, 3380224, 0, 0, 0
100500, 2230272, 0, 0, 0
100750, 1391616, 0, 0, 0
101000, 3325952, 0, 0, 0
101250, 2605236, 0, 0, 0
101500, 1710080, 0, 0, 0
101750, 2613248, 0, 0, 0
102000, 3085824, 0, 0, 0
102250, 1609216, 0, 0, 0
102500, 2233344, 0, 0, 0
102750, 3426304, 0, 0, 0
103000, 2131277, 0, 0, 0
103250, 1575936, 0, 0, 0
103500, 3193856, 0, 0, 0
103750, 2791424, 0, 0, 0
104000, 1368064, 0, 0, 0
104251, 2713600, 0, 0, 0
104500, 3421558, 0, 0, 0
104750, 1617920, 0, 0, 0
105000, 1801216, 0, 0, 0
105250, 3404800, 0, 0, 0
105500, 2609664, 0, 0, 0
105750, 1292288, 0, 0, 0
106000, 3003116, 0, 0, 0
106250, 2793984, 0, 0, 0
106500, 1738752, 0, 0, 0
106750, 2433024, 0, 0, 0
107000, 3105792, 0, 0, 0
107250, 1828497, 0, 0, 0
107500, 1944576, 0, 0, 0
107750, 3425792, 0, 0, 0
108000, 2180096, 0, 0, 0
108250, 1582592, 0, 0, 0
108500, 3163648, 0, 0, 0
108750, 2811904, 0, 0, 0
109000, 1556562, 0, 0, 0
109250, 2422784, 0, 0, 0
109500, 3431424, 0, 0, 0
109750, 1697792, 0, 0, 0
110000, 1771520, 0, 0, 0
110250, 3424256, 0, 0, 0
110500, 2618602, 0, 0, 0
110750, 1269760, 0, 0, 0
111000, 2889216, 0, 0, 0
111250, 3054592, 0, 0, 0
111500, 1863680, 0, 0, 0
111750, 1947648, 0, 0, 0
112000, 3279678, 0, 0, 0
112250, 2156544, 0, 0, 0
112500, 1504768, 0, 0, 0
112750, 3429376, 0, 0, 0
113000, 2447360, 0, 0, 0
113250, 1698816, 0, 0, 0
113500, 2797493, 0, 0, 0
113750, 2953216, 0, 0, 0
114000, 1562624, 0, 0, 0
114250, 2351104, 0, 0, 0
114500, 3430400, 0, 0, 0
114750, 2021376, 0, 0, 0
115001, 1572864, 0, 0, 0
115250, 3298184, 0, 0, 0
115500, 2707968, 0, 0, 0
115750, 1297408, 0, 0, 0
116000, 2859520, 0, 0, 0
116250, 3058176, 0, 0, 0
116500, 1890304, 0, 0, 0
116751, 1909248, 0, 0, 0
117000, 3308979, 0, 0, 0
117250, 2221056, 0, 0, 0
117500, 1396736, 0, 0, 0
117750, 3396096, 0, 0, 0
118000, 2668544, 0, 0, 0
118250, 1662976, 0, 0, 0
118500, 2625799, 0, 0, 0
118750, 3004416, 0, 0, 0
119000, 1869824, 0, 0, 0
119250, 2045952, 0, 0, 0
119500, 3431424, 0, 0, 0
119751, 2040832, 0, 0, 0
120000, 1577124, 0, 0, 0
120250, 3283968, 0, 0, 0
120500, 2766848, 0, 0, 0
120750, 1502208, 0, 0, 0
121000, 2588672, 0, 0, 0
121250, 3431839, 0, 0, 0
121500, 1533440, 0, 0, 0
121750, 1912832, 0, 0, 0
122000, 3298816, 0, 0, 0
122250, 2599936, 0, 0, 0
122500, 1292288, 0, 0, 0
122750, 3076112, 0, 0, 0
123000, 2762752, 0, 0, 0
123250, 1876992, 0, 0, 0
123500, 2274304, 0, 0, 0
123750, 3060224, 0, 0, 0
124000, 2274816, 0, 0, 0
124250, 1560064, 0, 0, 0
124500, 3429269, 0, 0, 0
124750, 2522624, 0, 0, 0
125000, 1570304, 0, 0, 0
125250, 2872320, 0, 0, 0
125500, 2757632, 0, 0, 0
125751, 1549312, 0, 0, 0
126000, 2547662, 0, 0, 0
126250, 3428864, 0, 0, 0
126500, 1840640, 0, 0, 0
126750, 1651712, 0, 0, 0
127000, 3405312, 0, 0, 0
127250, 2502144, 0, 0, 0
127500, 1430104, 0, 0, 0
127750, 2848768, 0, 0, 0
128000, 2760704, 0, 0, 0
128250, 2041856, 0, 0, 0
128500, 2080768, 0, 0, 0
128750, 3140608, 0, 0, 0
129001, 2480128, 0, 0, 0
129250, 1394120, 0, 0, 0
129500, 3237888, 0, 0, 0
129750, 2641408, 0, 0, 0
130000, 1611776, 0, 0, 0
130250, 2703360, 0, 0, 0
130500, 2871808, 0, 0, 0
130750, 1777606, 0, 0, 0
131000, 2262016, 0, 0, 0
131250, 3428352, 0, 0, 0
131500, 1923072, 0, 0, 0
131750, 1580032, 0, 0, 0
132000, 3392512, 0, 0, 0
132250, 2752512, 0, 0, 0
132500, 1393664, 0, 0, 0
132750, 2697253, 0, 0, 0
133000, 3185664, 0, 0, 0
133250, 1934336, 0, 0, 0
133500, 1774592, 0, 0, 0
133750, 3182592, 0, 0, 0
134000, 2490880, 0, 0, 0
134250, 1411072, 0, 0, 0
134500, 3189204, 0, 0, 0
134750, 2695168, 0, 0, 0
135000, 1611776, 0, 0, 0
135250, 2634752, 0, 0, 0
135500, 2921472, 0, 0, 0
135750, 2242560, 0, 0, 0
136000, 1715405, 0, 0, 0
136250, 3428864, 0, 0, 0
136500, 2358272, 0, 0, 0
136750, 1590272, 0, 0, 0
137000, 3043328, 0, 0, 0
137250, 2727936, 0, 0, 0
137500, 1593344, 0, 0, 0
137751, 2524160, 0, 0, 0
138000, 3223132, 0, 0, 0
138250, 1917952, 0, 0, 0
138500, 1769472, 0, 0, 0
138750, 3180544, 0, 0, 0
139000, 2847744, 0, 0, 0
139250, 1494528, 0, 0, 0
139500, 2750464, 0, 0, 0
139750, 2736128, 0, 0, 0
140000, 1640867, 0, 0, 0
140250, 2491392, 0, 0, 0
140500, 2958848, 0, 0, 0
140750, 2256384, 0, 0, 0
141000, 1640448, 0, 0, 0
141250, 3428864, 0, 0, 0
141500, 2480128, 0, 0, 0
141751, 1565696, 0, 0, 0
142000, 2894136, 0, 0, 0
142250, 2780672, 0, 0, 0
142500, 1606656, 0, 0, 0
142750, 2472960, 0, 0, 0
143000, 3227648, 0, 0, 0
143250, 1988096, 0, 0, 0
143500, 1710779, 0, 0, 0
143750, 3247104, 0, 0, 0
144000, 2846720, 0, 0, 0
144250, 1424384, 0, 0, 0
144500, 2752512, 0, 0, 0
144750, 2780672, 0, 0, 0
145000, 1904064, 0, 0, 0
145250, 2172416, 0, 0, 0
145500, 3039744, 0, 0, 0
145750, 2342400, 0, 0, 0
146000, 1551360, 0, 0, 0
146250, 3353600, 0, 0, 0
146501, 2558976, 0, 0, 0
146750, 1557076, 0, 0, 0
147000, 2803712, 0, 0, 0
147250, 2782208, 0, 0, 0
147500, 1578496, 0, 0, 0
147750, 2540544, 0, 0, 0
148000, 3226624, 0, 0, 0
148250, 2040289, 0, 0, 0
148500, 1641984, 0, 0, 0
148750, 3313664, 0, 0, 0
149000, 2841600, 0, 0, 0
149250, 1376256, 0, 0, 0
149500, 2748928, 0, 0, 0
149750, 3020080, 0, 0, 0
150000, 1913856, 0, 0, 0
150250, 1983488, 0, 0, 0
150500, 3062784, 0, 0, 0
150750, 2605056, 0, 0, 0
151000, 1295872, 0, 0, 0
151250, 3327488, 0, 0, 0
151500, 2586112, 0, 0, 0
151750, 1556048, 0, 0, 0
152000, 2754560, 0, 0, 0
152250, 2811904, 0, 0, 0
152500, 1985536, 0, 0, 0
152750, 2109440, 0, 0, 0
153000, 3428352, 0, 0, 0
153250, 1943552, 0, 0, 0
153501, 1615872, 0, 0, 0
153750, 3300755, 0, 0, 0
154000, 2819584, 0, 0, 0
154250, 1324032, 0, 0, 0
154500, 2756608, 0, 0, 0
154750, 3185664, 0, 0, 0
155000, 1870136, 0, 0, 0
155250, 1865728, 0, 0, 0
155500, 3161088, 0, 0, 0
155750, 2697216, 0, 0, 0
156000, 1417216, 0, 0, 0
156250, 3018752, 0, 0, 0
156501, 2757632, 0, 0, 0
156750, 1915373, 0, 0, 0
157000, 2204672, 0, 0, 0
157250, 2853888, 0, 0, 0
157500, 2276352, 0, 0, 0
157750, 1774592, 0, 0, 0
158000, 3429376, 0, 0, 0
158250, 2301943, 0, 0, 0
158500, 1566720, 0, 0, 0
158750, 3059200, 0, 0, 0
159000, 2743296, 0, 0, 0
159250, 1734656, 0, 0, 0
159500, 2465280, 0, 0, 0
159750, 3225188, 0, 0, 0
160000, 1916928, 0, 0, 0
160250, 1844224, 0, 0, 0
160500, 3107840, 0, 0, 0
160750, 2752512, 0, 0, 0
161000, 1536000, 0, 0, 0
161250, 2753536, 0, 0, 0
161500, 3001060, 0, 0, 0
161750, 1757184, 0, 0, 0
162000, 2200576, 0, 0, 0
162250, 2993152, 0, 0, 0
162500, 2416640, 0, 0, 0
162750, 1431552, 0, 0, 0
163000, 3410248, 0, 0, 0
163250, 2415616, 0, 0, 0
163500, 1568768, 0, 0, 0
163750, 2953216, 0, 0, 0
164000, 2728960, 0, 0, 0
164251, 2060800, 0, 0, 0
164500, 2069590, 0, 0, 0
164750, 3430400, 0, 0, 0
165000, 1819648, 0, 0, 0
165250, 1777152, 0, 0, 0
165500, 3322880, 0, 0, 0
165750, 2654720, 0, 0, 0
166000, 1567871, 0, 0, 0
166250, 2585600, 0, 0, 0
166500, 3193856, 0, 0, 0
166750, 1692672, 0, 0, 0
167000, 2051072, 0, 0, 0
167250, 3170304, 0, 0, 0
167500, 2510848, 0, 0, 0
167750, 1560674, 0, 0, 0
168000, 2987008, 0, 0, 0
168250, 2974720, 0, 0, 0
168500, 1462272, 0, 0, 0
168750, 2508800, 0, 0, 0
169000, 2976768, 0, 0, 0
169250, 2235630, 0, 0, 0
169500, 1624576, 0, 0, 0
169750, 3429376, 0, 0, 0
170000, 2122752, 0, 0, 0
170250, 1664000, 0, 0, 0
170500, 3142656, 0, 0, 0
170750, 2771791, 0, 0, 0
171000, 1638400, 0, 0, 0
171250, 2518016, 0, 0, 0
171500, 3317760, 0, 0, 0
171750, 1708544, 0, 0, 0
172000, 1917440, 0, 0, 0
172250, 3184578, 0, 0, 0
172500, 2678272, 0, 0, 0
172750, 1559552, 0, 0, 0
173000, 2861056, 0, 0, 0
173250, 3046400, 0, 0, 0
173500, 1506816, 0, 0, 0
173750, 2354377, 0, 0, 0
174000, 3039232, 0, 0, 0
174250, 2213888, 0, 0, 0
174500, 1690624, 0, 0, 0
174750, 3409920, 0, 0, 0
175001, 2143232, 0, 0, 0
175250, 1587919, 0, 0, 0
175500, 3171328, 0, 0, 0
175750, 2720768, 0, 0, 0
176000, 1665024, 0, 0, 0
176250, 2520064, 0, 0, 0
176500, 3306409, 0, 0, 0
176750, 1756160, 0, 0, 0
177000, 1901568, 0, 0, 0
177250, 3404800, 0, 0, 0
177500, 2434560, 0, 0, 0
177750, 1612288, 0, 0, 0
178001, 2897920, 0, 0, 0
178250, 2979469, 0, 0, 0
178500, 1506304, 0, 0, 0
178750, 2433024, 0, 0, 0
179000, 3051520, 0, 0, 0
179250, 2161664, 0, 0, 0
179500, 1694329, 0, 0, 0
179750, 3408384, 0, 0, 0
180000, 2148864, 0, 0, 0
