250, 973312, 0, 0, 0
500, 979968, 0, 0, 0
751, 954880, 0, 0, 0
1000, 968481, 0, 0, 0
1250, 967680, 0, 0, 0
1500, 968192, 0, 0, 0
1750, 968704, 0, 0, 0
2000, 968192, 0, 0, 0
2250, 961536, 0, 0, 0
2500, 968704, 0, 0, 0
2750, 965120, 0, 0, 0
3000, 964883, 0, 0, 0
3250, 979968, 0, 0, 0
3500, 985600, 0, 0, 0
3750, 988672, 0, 0, 0
4000, 989184, 0, 0, 0
4250, 989184, 0, 0, 0
4500, 969728, 0, 0, 0
4750, 968481, 0, 0, 0
5000, 981504, 0, 0, 0
5250, 985600, 0, 0, 0
5500, 988160, 0, 0, 0
5750, 989184, 0, 0, 0
6000, 990208, 0, 0, 0
6250, 989696, 0, 0, 0
6500, 986112, 0, 0, 0
6751, 990720, 0, 0, 0
7000, 991100, 0, 0, 0
7250, 988160, 0, 0, 0
7500, 987648, 0, 0, 0
7750, 986624, 0, 0, 0
8000, 990208, 0, 0, 0
8250, 984576, 0, 0, 0
8501, 985088, 0, 0, 0
8750, 989558, 0, 0, 0
9000, 989696, 0, 0, 0
9250, 989696, 0, 0, 0
9500, 986624, 0, 0, 0
9750, 989184, 0, 0, 0
10000, 990208, 0, 0, 0
10250, 988160, 0, 0, 0
10500, 986112, 0, 0, 0
10750, 987136, 0, 0, 0
11000, 988016, 0, 0, 0
11250, 966656, 0, 0, 0
11500, 962048, 0, 0, 0
11750, 963072, 0, 0, 0
12000, 965632, 0, 0, 0
12250, 964608, 0, 0, 0
12500, 964608, 0, 0, 0
12750, 982875, 0, 0, 0
13000, 969728, 0, 0, 0
13250, 988672, 0, 0, 0
13500, 989696, 0, 0, 0
13750, 989696, 0, 0, 0
14000, 989044, 0, 0, 0
14250, 989696, 0, 0, 0
14500, 989184, 0, 0, 0
14750, 987648, 0, 0, 0
15000, 986624, 0, 0, 0
15250, 984576, 0, 0, 0
15500, 984931, 0, 0, 0
15750, 986112, 0, 0, 0
16000, 988672, 0, 0, 0
16250, 987136, 0, 0, 0
16500, 986112, 0, 0, 0
16750, 989696, 0, 0, 0
17000, 990208, 0, 0, 0
17250, 977220, 0, 0, 0
17500, 964608, 0, 0, 0
17750, 965120, 0, 0, 0
18000, 975872, 0, 0, 0
18250, 990208, 0, 0, 0
18500, 990720, 0, 0, 0
18750, 988160, 0, 0, 0
19000, 990072, 0, 0, 0
19250, 989696, 0, 0, 0
19500, 985088, 0, 0, 0
19750, 986624, 0, 0, 0
20000, 987648, 0, 0, 0
20250, 986624, 0, 0, 0
20500, 988672, 0, 0, 0
20750, 989558, 0, 0, 0
21000, 988672, 0, 0, 0
21250, 986624, 0, 0, 0
21500, 987136, 0, 0, 0
21750, 989184, 0, 0, 0
22000, 989184, 0, 0, 0
22250, 989184, 0, 0, 0
22501, 989696, 0, 0, 0
22750, 989558, 0, 0, 0
23000, 989696, 0, 0, 0
23250, 989184, 0, 0, 0
23500, 988672, 0, 0, 0
23750, 965120, 0, 0, 0
24000, 982361, 0, 0, 0
24250, 989184, 0, 0, 0
24500, 990208, 0, 0, 0
24750, 989184, 0, 0, 0
25000, 988672, 0, 0, 0
25250, 989696, 0, 0, 0
25501, 988160, 0, 0, 0
25750, 984417, 0, 0, 0
26000, 985600, 0, 0, 0
26250, 966144, 0, 0, 0
26500, 962560, 0, 0, 0
26750, 962048, 0, 0, 0
27000, 967168, 0, 0, 0
27250, 964096, 0, 0, 0
27500, 964096, 0, 0, 0
27750, 986112, 0, 0, 0
28000, 986987, 0, 0, 0
28250, 990208, 0, 0, 0
28500, 989696, 0, 0, 0
28750, 988160, 0, 0, 0
29000, 988160, 0, 0, 0
29250, 988160, 0, 0, 0
29500, 984576, 0, 0, 0
29750, 990208, 0, 0, 0
30000, 988672, 0, 0, 0
30250, 986112, 0, 0, 0
30500, 987648, 0, 0, 0
30750, 989696, 0, 0, 0
31000, 990072, 0, 0, 0
31250, 987648, 0, 0, 0
31500, 986112, 0, 0, 0
31750, 964096, 0, 0, 0
32000, 968192, 0, 0, 0
32250, 966656, 0, 0, 0
32500, 977408, 0, 0, 0
32751, 980480, 0, 0, 0
33000, 990586, 0, 0, 0
33250, 975360, 0, 0, 0
33500, 990720, 0, 0, 0
33750, 832000, 0, 0, 0
34000, 622592, 0, 0, 0
34250, 622080, 0, 0, 0
34500, 634880, 0, 0, 0
34750, 987502, 0, 0, 0
35000, 989184, 0, 0, 0
35250, 989696, 0, 0, 0
35500, 988160, 0, 0, 0
35750, 990208, 0, 0, 0
36000, 987136, 0, 0, 0
36250, 987136, 0, 0, 0
36500, 977408, 0, 0, 0
36750, 966939, 0, 0, 0
37000, 988672, 0, 0, 0
37250, 987648, 0, 0, 0
37500, 981504, 0, 0, 0
37750, 961024, 0, 0, 0
38000, 964096, 0, 0, 0
38250, 964608, 0, 0, 0
38500, 960000, 0, 0, 0
38750, 966144, 0, 0, 0
39001, 968704, 0, 0, 0
39250, 967967, 0, 0, 0
39500, 968704, 0, 0, 0
39750, 967680, 0, 0, 0
40000, 963072, 0, 0, 0
40250, 964608, 0, 0, 0
40500, 980305, 0, 0, 0
40750, 985600, 0, 0, 0
41000, 988160, 0, 0, 0
41250, 988160, 0, 0, 0
41500, 988672, 0, 0, 0
41750, 965632, 0, 0, 0
42000, 964608, 0, 0, 0
42250, 962048, 0, 0, 0
42500, 984576, 0, 0, 0
42750, 989558, 0, 0, 0
43000, 989696, 0, 0, 0
43250, 989184, 0, 0, 0
43500, 989184, 0, 0, 0
43750, 988160, 0, 0, 0
44000, 989184, 0, 0, 0
44250, 989696, 0, 0, 0
44500, 989044, 0, 0, 0
44750, 989696, 0, 0, 0
45000, 989184, 0, 0, 0
45250, 989184, 0, 0, 0
45500, 989184, 0, 0, 0
45750, 989696, 0, 0, 0
46000, 989696, 0, 0, 0
46251, 989696, 0, 0, 0
46500, 989558, 0, 0, 0
46750, 989696, 0, 0, 0
47000, 989696, 0, 0, 0
47250, 961536, 0, 0, 0
47500, 960512, 0, 0, 0
47750, 964096, 0, 0, 0
48000, 961536, 0, 0, 0
48250, 961024, 0, 0, 0
48500, 974650, 0, 0, 0
48750, 989696, 0, 0, 0
49000, 988672, 0, 0, 0
49250, 986624, 0, 0, 0
49500, 989696, 0, 0, 0
49750, 989184, 0, 0, 0
50000, 989184, 0, 0, 0
50250, 988672, 0, 0, 0
50500, 988016, 0, 0, 0
50750, 989184, 0, 0, 0
51000, 989184, 0, 0, 0
51250, 988160, 0, 0, 0
51500, 987648, 0, 0, 0
51750, 988672, 0, 0, 0
52000, 971052, 0, 0, 0
52250, 966144, 0, 0, 0
52500, 969728, 0, 0, 0
52750, 988672, 0, 0, 0
53000, 989184, 0, 0, 0
53250, 988672, 0, 0, 0
53500, 989184, 0, 0, 0
53751, 988672, 0, 0, 0
54000, 989044, 0, 0, 0
54250, 989184, 0, 0, 0
54500, 985600, 0, 0, 0
54750, 989184, 0, 0, 0
55000, 989184, 0, 0, 0
55250, 988672, 0, 0, 0
55500, 988530, 0, 0, 0
55750, 967680, 0, 0, 0
56000, 964608, 0, 0, 0
56250, 962560, 0, 0, 0
56500, 969216, 0, 0, 0
56750, 962560, 0, 0, 0
57000, 966144, 0, 0, 0
57250, 963584, 0, 0, 0
57500, 963584, 0, 0, 0
57750, 960000, 0, 0, 0
58000, 961799, 0, 0, 0
58250, 962048, 0, 0, 0
58500, 961024, 0, 0, 0
58750, 960000, 0, 0, 0
59000, 963072, 0, 0, 0
59250, 965632, 0, 0, 0
59500, 970240, 0, 0, 0
59751, 989184, 0, 0, 0
60000, 990072, 0, 0, 0
60250, 986624, 0, 0, 0
60500, 986112, 0, 0, 0
60750, 988160, 0, 0, 0
61000, 987136, 0, 0, 0
61250, 968704, 0, 0, 0
61500, 965397, 0, 0, 0
61750, 967680, 0, 0, 0
62000, 968192, 0, 0, 0
62250, 964096, 0, 0, 0
62500, 968192, 0, 0, 0
62750, 968704, 0, 0, 0
63000, 968481, 0, 0, 0
63250, 965632, 0, 0, 0
63500, 980480, 0, 0, 0
63750, 988672, 0, 0, 0
64000, 988672, 0, 0, 0
64250, 971264, 0, 0, 0
64500, 969216, 0, 0, 0
64750, 968192, 0, 0, 0
65000, 964096, 0, 0, 0
65251, 966656, 0, 0, 0
65500, 963855, 0, 0, 0
65750, 981504, 0, 0, 0
66000, 989184, 0, 0, 0
66250, 988672, 0, 0, 0
66500, 964608, 0, 0, 0
66750, 965632, 0, 0, 0
67001, 965120, 0, 0, 0
67250, 960771, 0, 0, 0
67500, 964608, 0, 0, 0
67750, 964608, 0, 0, 0
68000, 949248, 0, 0, 0
68250, 964608, 0, 0, 0
68501, 690688, 0, 0, 0
68750, 618923, 0, 0, 0
69000, 620544, 0, 0, 0
69250, 748032, 0, 0, 0
69500, 961024, 0, 0, 0
69750, 976896, 0, 0, 0
70001, 989184, 0, 0, 0
70250, 989044, 0, 0, 0
70500, 986112, 0, 0, 0
70750, 962048, 0, 0, 0
71000, 962560, 0, 0, 0
71250, 988672, 0, 0, 0
71500, 989558, 0, 0, 0
71750, 989184, 0, 0, 0
72000, 989696, 0, 0, 0
72250, 987136, 0, 0, 0
72500, 988160, 0, 0, 0
72750, 986112, 0, 0, 0
73000, 989184, 0, 0, 0
73251, 988160, 0, 0, 0
73500, 989044, 0, 0, 0
73750, 989184, 0, 0, 0
74000, 988672, 0, 0, 0
74250, 988672, 0, 0, 0
74500, 988672, 0, 0, 0
74750, 989696, 0, 0, 0
75000, 987502, 0, 0, 0
75250, 989184, 0, 0, 0
75500, 989184, 0, 0, 0
75750, 989184, 0, 0, 0
76001, 989184, 0, 0, 0
76250, 987502, 0, 0, 0
76500, 988672, 0, 0, 0
76750, 988672, 0, 0, 0
77000, 988672, 0, 0, 0
77250, 987136, 0, 0, 0
77500, 984064, 0, 0, 0
77750, 989044, 0, 0, 0
78000, 989184, 0, 0, 0
78250, 989696, 0, 0, 0
78500, 988672, 0, 0, 0
78750, 989184, 0, 0, 0
79001, 988672, 0, 0, 0
79250, 986987, 0, 0, 0
79500, 989696, 0, 0, 0
79750, 989184, 0, 0, 0
80000, 989696, 0, 0, 0
80250, 988672, 0, 0, 0
80500, 989044, 0, 0, 0
80750, 989184, 0, 0, 0
81000, 989696, 0, 0, 0
81250, 972800, 0, 0, 0
81500, 968192, 0, 0, 0
81750, 968481, 0, 0, 0
82000, 968192, 0, 0, 0
82250, 968192, 0, 0, 0
82500, 968704, 0, 0, 0
82750, 973824, 0, 0, 0
83000, 962048, 0, 0, 0
83250, 962313, 0, 0, 0
83500, 964096, 0, 0, 0
83750, 963584, 0, 0, 0
84000, 964096, 0, 0, 0
84250, 964096, 0, 0, 0
84500, 964608, 0, 0, 0
84751, 964608, 0, 0, 0
85000, 964369, 0, 0, 0
85250, 964608, 0, 0, 0
85500, 964608, 0, 0, 0
85750, 964096, 0, 0, 0
86000, 965120, 0, 0, 0
86250, 964883, 0, 0, 0
86500, 964096, 0, 0, 0
86750, 973312, 0, 0, 0
87000, 964608, 0, 0, 0
87250, 968192, 0, 0, 0
87501, 969216, 0, 0, 0
87750, 968481, 0, 0, 0
88000, 963072, 0, 0, 0
88250, 964608, 0, 0, 0
88500, 961536, 0, 0, 0
88750, 963072, 0, 0, 0
89000, 970240, 0, 0, 0
89251, 986112, 0, 0, 0
89500, 985445, 0, 0, 0
89750, 986624, 0, 0, 0
90000, 989184, 0, 0, 0
90250, 989184, 0, 0, 0
90500, 988160, 0, 0, 0
90750, 989044, 0, 0, 0
91000, 987648, 0, 0, 0
91250, 987648, 0, 0, 0
91500, 990208, 0, 0, 0
91750, 987648, 0, 0, 0
92000, 977734, 0, 0, 0
92250, 967168, 0, 0, 0
92500, 962560, 0, 0, 0
92750, 979968, 0, 0, 0
93000, 960512, 0, 0, 0
93250, 960512, 0, 0, 0
93500, 964608, 0, 0, 0
93750, 982875, 0, 0, 0
94000, 990720, 0, 0, 0
94250, 989184, 0, 0, 0
94500, 986624, 0, 0, 0
94750, 989696, 0, 0, 0
95000, 990720, 0, 0, 0
95250, 990072, 0, 0, 0
95500, 991232, 0, 0, 0
95750, 990720, 0, 0, 0
96000, 991232, 0, 0, 0
96250, 986112, 0, 0, 0
96500, 988530, 0, 0, 0
96750, 987648, 0, 0, 0
97000, 989696, 0, 0, 0
97250, 988672, 0, 0, 0
97500, 986112, 0, 0, 0
97750, 989558, 0, 0, 0
98000, 986112, 0, 0, 0
98250, 987648, 0, 0, 0
98500, 986624, 0, 0, 0
98750, 988672, 0, 0, 0
99000, 989558, 0, 0, 0
99250, 990208, 0, 0, 0
99500, 990208, 0, 0, 0
99750, 971776, 0, 0, 0
100001, 968192, 0, 0, 0
100250, 966939, 0, 0, 0
100500, 986624, 0, 0, 0
100750, 988160, 0, 0, 0
101000, 988672, 0, 0, 0
101250, 987136, 0, 0, 0
101500, 988530, 0, 0, 0
101750, 989184, 0, 0, 0
102000, 980992, 0, 0, 0
102250, 988672, 0, 0, 0
102500, 980992, 0, 0, 0
102750, 988672, 0, 0, 0
103000, 792160, 0, 0, 0
103250, 655872, 0, 0, 0
103500, 655872, 0, 0, 0
103750, 781312, 0, 0, 0
104000, 989696, 0, 0, 0
104250, 989184, 0, 0, 0
104500, 986987, 0, 0, 0
104750, 988672, 0, 0, 0
105000, 989184, 0, 0, 0
105250, 988672, 0, 0, 0
105500, 989184, 0, 0, 0
105750, 989184, 0, 0, 0
106000, 989044, 0, 0, 0
106250, 987136, 0, 0, 0
106500, 989184, 0, 0, 0
106750, 989184, 0, 0, 0
107000, 988672, 0, 0, 0
107250, 989184, 0, 0, 0
107500, 989558, 0, 0, 0
107750, 989184, 0, 0, 0
108000, 989184, 0, 0, 0
108250, 973312, 0, 0, 0
108500, 982016, 0, 0, 0
108750, 989184, 0, 0, 0
109000, 988160, 0, 0, 0
109250, 986473, 0, 0, 0
109500, 987648, 0, 0, 0
109750, 990720, 0, 0, 0
110000, 989184, 0, 0, 0
110250, 989184, 0, 0, 0
110500, 988160, 0, 0, 0
110750, 987648, 0, 0, 0
111000, 991100, 0, 0, 0
111250, 987648, 0, 0, 0
111500, 989184, 0, 0, 0
111750, 989184, 0, 0, 0
112001, 991232, 0, 0, 0
112250, 990072, 0, 0, 0
112500, 989184, 0, 0, 0
112750, 990208, 0, 0, 0
113000, 990720, 0, 0, 0
113250, 988672, 0, 0, 0
113500, 987502, 0, 0, 0
113750, 989696, 0, 0, 0
114000, 989184, 0, 0, 0
114250, 989696, 0, 0, 0
114500, 990208, 0, 0, 0
114750, 990072, 0, 0, 0
115000, 990720, 0, 0, 0
115250, 990720, 0, 0, 0
115500, 986624, 0, 0, 0
115751, 989184, 0, 0, 0
116000, 989558, 0, 0, 0
116250, 990720, 0, 0, 0
116500, 989696, 0, 0, 0
116750, 987648, 0, 0, 0
117000, 990720, 0, 0, 0
117250, 990072, 0, 0, 0
117500, 988160, 0, 0, 0
117750, 988160, 0, 0, 0
118000, 991744, 0, 0, 0
118250, 990720, 0, 0, 0
118500, 989044, 0, 0, 0
118750, 988160, 0, 0, 0
119000, 990720, 0, 0, 0
119250, 990720, 0, 0, 0
119500, 989184, 0, 0, 0
119750, 987502, 0, 0, 0
120000, 990720, 0, 0, 0
120250, 987648, 0, 0, 0
120500, 987648, 0, 0, 0
120750, 984064, 0, 0, 0
121000, 989696, 0, 0, 0
121250, 989696, 0, 0, 0
121500, 988672, 0, 0, 0
121750, 983040, 0, 0, 0
122000, 989696, 0, 0, 0
122250, 990072, 0, 0, 0
122500, 989184, 0, 0, 0
122750, 990208, 0, 0, 0
123000, 991232, 0, 0, 0
123250, 990208, 0, 0, 0
123500, 980992, 0, 0, 0
123750, 964608, 0, 0, 0
124001, 969728, 0, 0, 0
124250, 988530, 0, 0, 0
124500, 986624, 0, 0, 0
124750, 989696, 0, 0, 0
125000, 966144, 0, 0, 0
125250, 964096, 0, 0, 0
125500, 968192, 0, 0, 0
125750, 963072, 0, 0, 0
126000, 967967, 0, 0, 0
126250, 961536, 0, 0, 0
126500, 960512, 0, 0, 0
126750, 967168, 0, 0, 0
127000, 966144, 0, 0, 0
127250, 967168, 0, 0, 0
127500, 968192, 0, 0, 0
127750, 955392, 0, 0, 0
128000, 982875, 0, 0, 0
128250, 965120, 0, 0, 0
128500, 968192, 0, 0, 0
128750, 953856, 0, 0, 0
129000, 962048, 0, 0, 0
129250, 985088, 0, 0, 0
129500, 970240, 0, 0, 0
129750, 968192, 0, 0, 0
130000, 977734, 0, 0, 0
130250, 985600, 0, 0, 0
130500, 988160, 0, 0, 0
130750, 989184, 0, 0, 0
131000, 989184, 0, 0, 0
131250, 988672, 0, 0, 0
131501, 988672, 0, 0, 0
131750, 989044, 0, 0, 0
132000, 989696, 0, 0, 0
132250, 989184, 0, 0, 0
132500, 988160, 0, 0, 0
132750, 989184, 0, 0, 0
133000, 988672, 0, 0, 0
133250, 989184, 0, 0, 0
133500, 988016, 0, 0, 0
133750, 980992, 0, 0, 0
134000, 964608, 0, 0, 0
134250, 968192, 0, 0, 0
134500, 968704, 0, 0, 0
134750, 974848, 0, 0, 0
135000, 969728, 0, 0, 0
135251, 964096, 0, 0, 0
135500, 968481, 0, 0, 0
135750, 964608, 0, 0, 0
136000, 968704, 0, 0, 0
136250, 964608, 0, 0, 0
136500, 968192, 0, 0, 0
136750, 962048, 0, 0, 0
137001, 963584, 0, 0, 0
137250, 964369, 0, 0, 0
137500, 697344, 0, 0, 0
137750, 644096, 0, 0, 0
138000, 644096, 0, 0, 0
138250, 836096, 0, 0, 0
138500, 968704, 0, 0, 0
138750, 967967, 0, 0, 0
139000, 963072, 0, 0, 0
139250, 969216, 0, 0, 0
139500, 967168, 0, 0, 0
139750, 968192, 0, 0, 0
140001, 964096, 0, 0, 0
140250, 958200, 0, 0, 0
140500, 967680, 0, 0, 0
140750, 967168, 0, 0, 0
141000, 961536, 0, 0, 0
141250, 979968, 0, 0, 0
141500, 987136, 0, 0, 0
141750, 984064, 0, 0, 0
142000, 960771, 0, 0, 0
142250, 966656, 0, 0, 0
142500, 962560, 0, 0, 0
142750, 968704, 0, 0, 0
143000, 968192, 0, 0, 0
143250, 968192, 0, 0, 0
143500, 985088, 0, 0, 0
143750, 989044, 0, 0, 0
144000, 979968, 0, 0, 0
144250, 973312, 0, 0, 0
144500, 988672, 0, 0, 0
144750, 985600, 0, 0, 0
145000, 973312, 0, 0, 0
145250, 962048, 0, 0, 0
145501, 964096, 0, 0, 0
145750, 965397, 0, 0, 0
146000, 968192, 0, 0, 0
146250, 966656, 0, 0, 0
146500, 963072, 0, 0, 0
146750, 965120, 0, 0, 0
147000, 970240, 0, 0, 0
147251, 970752, 0, 0, 0
147500, 988530, 0, 0, 0
147750, 988160, 0, 0, 0
148000, 987648, 0, 0, 0
148250, 987648, 0, 0, 0
148500, 988672, 0, 0, 0
148750, 985088, 0, 0, 0
149000, 988160, 0, 0, 0
149250, 986473, 0, 0, 0
149500, 988160, 0, 0, 0
149750, 988160, 0, 0, 0
150000, 988160, 0, 0, 0
150250, 988160, 0, 0, 0
150500, 988672, 0, 0, 0
150750, 986112, 0, 0, 0
151000, 984576, 0, 0, 0
151250, 973312, 0, 0, 0
151500, 968481, 0, 0, 0
151750, 978432, 0, 0, 0
152000, 985088, 0, 0, 0
152250, 987136, 0, 0, 0
152500, 988672, 0, 0, 0
152750, 989696, 0, 0, 0
153000, 988672, 0, 0, 0
153250, 984576, 0, 0, 0
153500, 987136, 0, 0, 0
153750, 987136, 0, 0, 0
154000, 990586, 0, 0, 0
154250, 986624, 0, 0, 0
154500, 988672, 0, 0, 0
154750, 988672, 0, 0, 0
155000, 988672, 0, 0, 0
155250, 987648, 0, 0, 0
155500, 966656, 0, 0, 0
155750, 972288, 0, 0, 0
156000, 958976, 0, 0, 0
156250, 964096, 0, 0, 0
156500, 964369, 0, 0, 0
156750, 965632, 0, 0, 0
157000, 964608, 0, 0, 0
157250, 964096, 0, 0, 0
157500, 963584, 0, 0, 0
157750, 965120, 0, 0, 0
158000, 966656, 0, 0, 0
158250, 967168, 0, 0, 0
158500, 961024, 0, 0, 0
158750, 966939, 0, 0, 0
159000, 965632, 0, 0, 0
159250, 958464, 0, 0, 0
159500, 977408, 0, 0, 0
159750, 987136, 0, 0, 0
160000, 989184, 0, 0, 0
160250, 987648, 0, 0, 0
160500, 986987, 0, 0, 0
160750, 988672, 0, 0, 0
161000, 987648, 0, 0, 0
161250, 986624, 0, 0, 0
161500, 988672, 0, 0, 0
161750, 988672, 0, 0, 0
162000, 984064, 0, 0, 0
162251, 982016, 0, 0, 0
162500, 988530, 0, 0, 0
162750, 988672, 0, 0, 0
163000, 988160, 0, 0, 0
163250, 988672, 0, 0, 0
163500, 986624, 0, 0, 0
163750, 988160, 0, 0, 0
164000, 988672, 0, 0, 0
164250, 985088, 0, 0, 0
164500, 986112, 0, 0, 0
164750, 988672, 0, 0, 0
165000, 989184, 0, 0, 0
165250, 988160, 0, 0, 0
165501, 987136, 0, 0, 0
165750, 988016, 0, 0, 0
166000, 983552, 0, 0, 0
166250, 988160, 0, 0, 0
166500, 988160, 0, 0, 0
166750, 989696, 0, 0, 0
167000, 986624, 0, 0, 0
167250, 987648, 0, 0, 0
167500, 986112, 0, 0, 0
167750, 969216, 0, 0, 0
168001, 966144, 0, 0, 0
168250, 966425, 0, 0, 0
168500, 962048, 0, 0, 0
168750, 964608, 0, 0, 0
169000, 965632, 0, 0, 0
169250, 963584, 0, 0, 0
169500, 964608, 0, 0, 0
169750, 983040, 0, 0, 0
170000, 988160, 0, 0, 0
170250, 990720, 0, 0, 0
170500, 985445, 0, 0, 0
170750, 990208, 0, 0, 0
171000, 980992, 0, 0, 0
171250, 989696, 0, 0, 0
171500, 975872, 0, 0, 0
171750, 990208, 0, 0, 0
172000, 810496, 0, 0, 0
172250, 622592, 0, 0, 0
172500, 621056, 0, 0, 0
172750, 662528, 0, 0, 0
173000, 988672, 0, 0, 0
173250, 988672, 0, 0, 0
173500, 978432, 0, 0, 0
173750, 966656, 0, 0, 0
174001, 988672, 0, 0, 0
174250, 988016, 0, 0, 0
174500, 991232, 0, 0, 0
174750, 985600, 0, 0, 0
175000, 989184, 0, 0, 0
175250, 986624, 0, 0, 0
175500, 988672, 0, 0, 0
175750, 988672, 0, 0, 0
176000, 983040, 0, 0, 0
176251, 965120, 0, 0, 0
176500, 968995, 0, 0, 0
176750, 960512, 0, 0, 0
177000, 965120, 0, 0, 0
177250, 964096, 0, 0, 0
177500, 967680, 0, 0, 0
177750, 964096, 0, 0, 0
178000, 963584, 0, 0, 0
178250, 965397, 0, 0, 0
178500, 964096, 0, 0, 0
178750, 964608, 0, 0, 0
179000, 964608, 0, 0, 0
179250, 981504, 0, 0, 0
179500, 988160, 0, 0, 0
179750, 987648, 0, 0, 0
